<?xml version="1.0" encoding="UTF-8"?>
<testng-results ignored="0" total="1" passed="1" failed="0" skipped="0">
  <reporter-output>
  </reporter-output>
  <suite started-at="2023-02-28T15:33:13 IST" name="Default suite" finished-at="2023-02-28T15:33:17 IST" duration-ms="4377">
    <groups>
    </groups>
    <test started-at="2023-02-28T15:33:13 IST" name="Default test" finished-at="2023-02-28T15:33:17 IST" duration-ms="4377">
      <class name="firstdemo.AssertTest">
        <test-method signature="demoAssert()[pri:0, instance:firstdemo.AssertTest@4fb3ee4e]" started-at="2023-02-28T15:33:13 IST" name="demoAssert" finished-at="2023-02-28T15:33:17 IST" duration-ms="4299" status="PASS">
          <reporter-output>
          </reporter-output>
        </test-method> <!-- demoAssert -->
      </class> <!-- firstdemo.AssertTest -->
    </test> <!-- Default test -->
  </suite> <!-- Default suite -->
</testng-results>
